This file contains any messages produced by compilers while
running configure, to aid debugging if configure makes a mistake.

It was created by configure, which was
generated by GNU Autoconf 2.69.  Invocation command line was

  $ ./configure 

## --------- ##
## Platform. ##
## --------- ##

hostname = OptiPlex-9020
uname -m = x86_64
uname -r = 4.8.0-42-generic
uname -s = Linux
uname -v = #45-Ubuntu SMP Wed Mar 8 20:06:06 UTC 2017

/usr/bin/uname -p = unknown
/bin/uname -X     = unknown

/bin/arch              = unknown
/usr/bin/arch -k       = unknown
/usr/convex/getsysinfo = unknown
/usr/bin/hostinfo      = unknown
/bin/machine           = unknown
/usr/bin/oslevel       = unknown
/bin/universe          = unknown

PATH: /home/www/bin
PATH: /home/www/.local/bin
PATH: /home/www/bin
PATH: /home/www/.local/bin
PATH: /usr/local/sbin
PATH: /usr/local/bin
PATH: /usr/sbin
PATH: /usr/bin
PATH: /sbin
PATH: /bin
PATH: /usr/games
PATH: /usr/local/games
PATH: /snap/bin
PATH: /snap/bin


## ----------- ##
## Core tests. ##
## ----------- ##

configure:2162: checking for gcc
configure:2178: found /usr/bin/gcc
configure:2189: result: gcc
configure:2418: checking for C compiler version
configure:2427: gcc --version >&5
gcc (Ubuntu 6.2.0-5ubuntu12) 6.2.0 20161005
Copyright (C) 2016 Free Software Foundation, Inc.
This is free software; see the source for copying conditions.  There is NO
warranty; not even for MERCHANTABILITY or FITNESS FOR A PARTICULAR PURPOSE.

configure:2438: $? = 0
configure:2427: gcc -v >&5
Using built-in specs.
COLLECT_GCC=gcc
COLLECT_LTO_WRAPPER=/usr/lib/gcc/x86_64-linux-gnu/6/lto-wrapper
Target: x86_64-linux-gnu
Configured with: ../src/configure -v --with-pkgversion='Ubuntu 6.2.0-5ubuntu12' --with-bugurl=file:///usr/share/doc/gcc-6/README.Bugs --enable-languages=c,ada,c++,java,go,d,fortran,objc,obj-c++ --prefix=/usr --program-suffix=-6 --program-prefix=x86_64-linux-gnu- --enable-shared --enable-linker-build-id --libexecdir=/usr/lib --without-included-gettext --enable-threads=posix --libdir=/usr/lib --enable-nls --with-sysroot=/ --enable-clocale=gnu --enable-libstdcxx-debug --enable-libstdcxx-time=yes --with-default-libstdcxx-abi=new --enable-gnu-unique-object --disable-vtable-verify --enable-libmpx --enable-plugin --enable-default-pie --with-system-zlib --disable-browser-plugin --enable-java-awt=gtk --enable-gtk-cairo --with-java-home=/usr/lib/jvm/java-1.5.0-gcj-6-amd64/jre --enable-java-home --with-jvm-root-dir=/usr/lib/jvm/java-1.5.0-gcj-6-amd64 --with-jvm-jar-dir=/usr/lib/jvm-exports/java-1.5.0-gcj-6-amd64 --with-arch-directory=amd64 --with-ecj-jar=/usr/share/java/eclipse-ecj.jar --enable-objc-gc --enable-multiarch --disable-werror --with-arch-32=i686 --with-abi=m64 --with-multilib-list=m32,m64,mx32 --enable-multilib --with-tune=generic --enable-checking=release --build=x86_64-linux-gnu --host=x86_64-linux-gnu --target=x86_64-linux-gnu
Thread model: posix
gcc version 6.2.0 20161005 (Ubuntu 6.2.0-5ubuntu12) 
configure:2438: $? = 0
configure:2427: gcc -V >&5
gcc: error: unrecognized command line option '-V'
gcc: fatal error: no input files
compilation terminated.
configure:2438: $? = 1
configure:2427: gcc -qversion >&5
gcc: error: unrecognized command line option '-qversion'; did you mean '--version'?
gcc: fatal error: no input files
compilation terminated.
configure:2438: $? = 1
configure:2458: checking whether the C compiler works
configure:2480: gcc    conftest.c  >&5
configure:2484: $? = 0
configure:2532: result: yes
configure:2535: checking for C compiler default output file name
configure:2537: result: a.out
configure:2543: checking for suffix of executables
configure:2550: gcc -o conftest    conftest.c  >&5
configure:2554: $? = 0
configure:2576: result: 
configure:2598: checking whether we are cross compiling
configure:2606: gcc -o conftest    conftest.c  >&5
configure:2610: $? = 0
configure:2617: ./conftest
configure:2621: $? = 0
configure:2636: result: no
configure:2641: checking for suffix of object files
configure:2663: gcc -c   conftest.c >&5
configure:2667: $? = 0
configure:2688: result: o
configure:2692: checking whether we are using the GNU C compiler
configure:2711: gcc -c   conftest.c >&5
configure:2711: $? = 0
configure:2720: result: yes
configure:2729: checking whether gcc accepts -g
configure:2749: gcc -c -g  conftest.c >&5
configure:2749: $? = 0
configure:2790: result: yes
configure:2807: checking for gcc option to accept ISO C89
configure:2870: gcc  -c -g -O2  conftest.c >&5
configure:2870: $? = 0
configure:2883: result: none needed
configure:2940: checking whether gcc understands -c and -o together
configure:2962: gcc -c conftest.c -o conftest2.o
configure:2965: $? = 0
configure:2962: gcc -c conftest.c -o conftest2.o
configure:2965: $? = 0
configure:2977: result: yes
configure:3004: checking how to run the C preprocessor
configure:3035: gcc -E  conftest.c
configure:3035: $? = 0
configure:3049: gcc -E  conftest.c
conftest.c:9:28: fatal error: ac_nonexistent.h: No such file or directory
 #include <ac_nonexistent.h>
                            ^
compilation terminated.
configure:3049: $? = 1
configure: failed program was:
| /* confdefs.h */
| #define PACKAGE_NAME ""
| #define PACKAGE_TARNAME ""
| #define PACKAGE_VERSION ""
| #define PACKAGE_STRING ""
| #define PACKAGE_BUGREPORT ""
| #define PACKAGE_URL ""
| /* end confdefs.h.  */
| #include <ac_nonexistent.h>
configure:3074: result: gcc -E
configure:3094: gcc -E  conftest.c
configure:3094: $? = 0
configure:3108: gcc -E  conftest.c
conftest.c:9:28: fatal error: ac_nonexistent.h: No such file or directory
 #include <ac_nonexistent.h>
                            ^
compilation terminated.
configure:3108: $? = 1
configure: failed program was:
| /* confdefs.h */
| #define PACKAGE_NAME ""
| #define PACKAGE_TARNAME ""
| #define PACKAGE_VERSION ""
| #define PACKAGE_STRING ""
| #define PACKAGE_BUGREPORT ""
| #define PACKAGE_URL ""
| /* end confdefs.h.  */
| #include <ac_nonexistent.h>
configure:3137: checking for grep that handles long lines and -e
configure:3195: result: /bin/grep
configure:3200: checking for egrep
configure:3262: result: /bin/grep -E
configure:3267: checking for ANSI C header files
configure:3287: gcc -c -g -O2  conftest.c >&5
configure:3287: $? = 0
configure:3360: gcc -o conftest -g -O2   conftest.c  >&5
configure:3360: $? = 0
configure:3360: ./conftest
configure:3360: $? = 0
configure:3371: result: yes
configure:3384: checking for sys/types.h
configure:3384: gcc -c -g -O2  conftest.c >&5
configure:3384: $? = 0
configure:3384: result: yes
configure:3384: checking for sys/stat.h
configure:3384: gcc -c -g -O2  conftest.c >&5
configure:3384: $? = 0
configure:3384: result: yes
configure:3384: checking for stdlib.h
configure:3384: gcc -c -g -O2  conftest.c >&5
configure:3384: $? = 0
configure:3384: result: yes
configure:3384: checking for string.h
configure:3384: gcc -c -g -O2  conftest.c >&5
configure:3384: $? = 0
configure:3384: result: yes
configure:3384: checking for memory.h
configure:3384: gcc -c -g -O2  conftest.c >&5
configure:3384: $? = 0
configure:3384: result: yes
configure:3384: checking for strings.h
configure:3384: gcc -c -g -O2  conftest.c >&5
configure:3384: $? = 0
configure:3384: result: yes
configure:3384: checking for inttypes.h
configure:3384: gcc -c -g -O2  conftest.c >&5
configure:3384: $? = 0
configure:3384: result: yes
configure:3384: checking for stdint.h
configure:3384: gcc -c -g -O2  conftest.c >&5
configure:3384: $? = 0
configure:3384: result: yes
configure:3384: checking for unistd.h
configure:3384: gcc -c -g -O2  conftest.c >&5
configure:3384: $? = 0
configure:3384: result: yes
configure:3399: checking arpa/inet.h usability
configure:3399: gcc -c -g -O2  conftest.c >&5
configure:3399: $? = 0
configure:3399: result: yes
configure:3399: checking arpa/inet.h presence
configure:3399: gcc -E  conftest.c
configure:3399: $? = 0
configure:3399: result: yes
configure:3399: checking for arpa/inet.h
configure:3399: result: yes
configure:3399: checking fcntl.h usability
configure:3399: gcc -c -g -O2  conftest.c >&5
configure:3399: $? = 0
configure:3399: result: yes
configure:3399: checking fcntl.h presence
configure:3399: gcc -E  conftest.c
configure:3399: $? = 0
configure:3399: result: yes
configure:3399: checking for fcntl.h
configure:3399: result: yes
configure:3399: checking netdb.h usability
configure:3399: gcc -c -g -O2  conftest.c >&5
configure:3399: $? = 0
configure:3399: result: yes
configure:3399: checking netdb.h presence
configure:3399: gcc -E  conftest.c
configure:3399: $? = 0
configure:3399: result: yes
configure:3399: checking for netdb.h
configure:3399: result: yes
configure:3399: checking netinet/in.h usability
configure:3399: gcc -c -g -O2  conftest.c >&5
configure:3399: $? = 0
configure:3399: result: yes
configure:3399: checking netinet/in.h presence
configure:3399: gcc -E  conftest.c
configure:3399: $? = 0
configure:3399: result: yes
configure:3399: checking for netinet/in.h
configure:3399: result: yes
configure:3399: checking for stdlib.h
configure:3399: result: yes
configure:3399: checking for string.h
configure:3399: result: yes
configure:3399: checking for strings.h
configure:3399: result: yes
configure:3399: checking sys/ioctl.h usability
configure:3399: gcc -c -g -O2  conftest.c >&5
configure:3399: $? = 0
configure:3399: result: yes
configure:3399: checking sys/ioctl.h presence
configure:3399: gcc -E  conftest.c
configure:3399: $? = 0
configure:3399: result: yes
configure:3399: checking for sys/ioctl.h
configure:3399: result: yes
configure:3399: checking sys/socket.h usability
configure:3399: gcc -c -g -O2  conftest.c >&5
configure:3399: $? = 0
configure:3399: result: yes
configure:3399: checking sys/socket.h presence
configure:3399: gcc -E  conftest.c
configure:3399: $? = 0
configure:3399: result: yes
configure:3399: checking for sys/socket.h
configure:3399: result: yes
configure:3399: checking sys/time.h usability
configure:3399: gcc -c -g -O2  conftest.c >&5
configure:3399: $? = 0
configure:3399: result: yes
configure:3399: checking sys/time.h presence
configure:3399: gcc -E  conftest.c
configure:3399: $? = 0
configure:3399: result: yes
configure:3399: checking for sys/time.h
configure:3399: result: yes
configure:3399: checking for unistd.h
configure:3399: result: yes
configure:3411: checking for int64_t
configure:3411: gcc -c -g -O2  conftest.c >&5
configure:3411: $? = 0
configure:3411: gcc -c -g -O2  conftest.c >&5
conftest.c: In function 'main':
conftest.c:68:53: warning: integer overflow in expression [-Woverflow]
    < (int64_t) (((((int64_t) 1 << N) << N) - 1) * 2 + 2))];
                                                     ^
conftest.c:67:12: error: storage size of 'test_array' isn't constant
 static int test_array [1 - 2 * !((int64_t) (((((int64_t) 1 << N) << N) - 1) * 2 + 1)
            ^~~~~~~~~~
configure:3411: $? = 1
configure: failed program was:
| /* confdefs.h */
| #define PACKAGE_NAME ""
| #define PACKAGE_TARNAME ""
| #define PACKAGE_VERSION ""
| #define PACKAGE_STRING ""
| #define PACKAGE_BUGREPORT ""
| #define PACKAGE_URL ""
| #define STDC_HEADERS 1
| #define HAVE_SYS_TYPES_H 1
| #define HAVE_SYS_STAT_H 1
| #define HAVE_STDLIB_H 1
| #define HAVE_STRING_H 1
| #define HAVE_MEMORY_H 1
| #define HAVE_STRINGS_H 1
| #define HAVE_INTTYPES_H 1
| #define HAVE_STDINT_H 1
| #define HAVE_UNISTD_H 1
| #define HAVE_ARPA_INET_H 1
| #define HAVE_FCNTL_H 1
| #define HAVE_NETDB_H 1
| #define HAVE_NETINET_IN_H 1
| #define HAVE_STDLIB_H 1
| #define HAVE_STRING_H 1
| #define HAVE_STRINGS_H 1
| #define HAVE_SYS_IOCTL_H 1
| #define HAVE_SYS_SOCKET_H 1
| #define HAVE_SYS_TIME_H 1
| #define HAVE_UNISTD_H 1
| /* end confdefs.h.  */
| #include <stdio.h>
| #ifdef HAVE_SYS_TYPES_H
| # include <sys/types.h>
| #endif
| #ifdef HAVE_SYS_STAT_H
| # include <sys/stat.h>
| #endif
| #ifdef STDC_HEADERS
| # include <stdlib.h>
| # include <stddef.h>
| #else
| # ifdef HAVE_STDLIB_H
| #  include <stdlib.h>
| # endif
| #endif
| #ifdef HAVE_STRING_H
| # if !defined STDC_HEADERS && defined HAVE_MEMORY_H
| #  include <memory.h>
| # endif
| # include <string.h>
| #endif
| #ifdef HAVE_STRINGS_H
| # include <strings.h>
| #endif
| #ifdef HAVE_INTTYPES_H
| # include <inttypes.h>
| #endif
| #ifdef HAVE_STDINT_H
| # include <stdint.h>
| #endif
| #ifdef HAVE_UNISTD_H
| # include <unistd.h>
| #endif
| 	        enum { N = 64 / 2 - 1 };
| int
| main ()
| {
| static int test_array [1 - 2 * !((int64_t) (((((int64_t) 1 << N) << N) - 1) * 2 + 1)
| 		 < (int64_t) (((((int64_t) 1 << N) << N) - 1) * 2 + 2))];
| test_array [0] = 0;
| return test_array [0];
| 
|   ;
|   return 0;
| }
configure:3411: result: yes
configure:3443: checking for a BSD-compatible install
configure:3511: result: /usr/bin/install -c
configure:3522: checking whether build environment is sane
configure:3577: result: yes
configure:3725: checking for a thread-safe mkdir -p
configure:3764: result: /bin/mkdir -p
configure:3771: checking for gawk
configure:3801: result: no
configure:3771: checking for mawk
configure:3787: found /usr/bin/mawk
configure:3798: result: mawk
configure:3809: checking whether make sets $(MAKE)
configure:3831: result: yes
configure:3861: checking for style of include used by make
configure:3889: result: GNU
configure:3923: checking whether make supports nested variables
configure:3940: result: yes
configure:4026: checking dependency style of gcc
configure:4137: result: gcc3
configure:4340: checking that generated files are newer than configure
configure:4346: result: done
configure:4369: creating ./config.status

## ---------------------- ##
## Running config.status. ##
## ---------------------- ##

This file was extended by config.status, which was
generated by GNU Autoconf 2.69.  Invocation command line was

  CONFIG_FILES    = 
  CONFIG_HEADERS  = 
  CONFIG_LINKS    = 
  CONFIG_COMMANDS = 
  $ ./config.status 

on OptiPlex-9020

config.status:778: creating Makefile
config.status:950: executing depfiles commands

## ---------------- ##
## Cache variables. ##
## ---------------- ##

ac_cv_c_compiler_gnu=yes
ac_cv_c_int64_t=yes
ac_cv_env_CC_set=
ac_cv_env_CC_value=
ac_cv_env_CFLAGS_set=
ac_cv_env_CFLAGS_value=
ac_cv_env_CPPFLAGS_set=
ac_cv_env_CPPFLAGS_value=
ac_cv_env_CPP_set=
ac_cv_env_CPP_value=
ac_cv_env_LDFLAGS_set=
ac_cv_env_LDFLAGS_value=
ac_cv_env_LIBS_set=
ac_cv_env_LIBS_value=
ac_cv_env_build_alias_set=
ac_cv_env_build_alias_value=
ac_cv_env_host_alias_set=
ac_cv_env_host_alias_value=
ac_cv_env_target_alias_set=
ac_cv_env_target_alias_value=
ac_cv_header_arpa_inet_h=yes
ac_cv_header_fcntl_h=yes
ac_cv_header_inttypes_h=yes
ac_cv_header_memory_h=yes
ac_cv_header_netdb_h=yes
ac_cv_header_netinet_in_h=yes
ac_cv_header_stdc=yes
ac_cv_header_stdint_h=yes
ac_cv_header_stdlib_h=yes
ac_cv_header_string_h=yes
ac_cv_header_strings_h=yes
ac_cv_header_sys_ioctl_h=yes
ac_cv_header_sys_socket_h=yes
ac_cv_header_sys_stat_h=yes
ac_cv_header_sys_time_h=yes
ac_cv_header_sys_types_h=yes
ac_cv_header_unistd_h=yes
ac_cv_objext=o
ac_cv_path_EGREP='/bin/grep -E'
ac_cv_path_GREP=/bin/grep
ac_cv_path_install='/usr/bin/install -c'
ac_cv_path_mkdir=/bin/mkdir
ac_cv_prog_AWK=mawk
ac_cv_prog_CPP='gcc -E'
ac_cv_prog_ac_ct_CC=gcc
ac_cv_prog_cc_c89=
ac_cv_prog_cc_g=yes
ac_cv_prog_make_make_set=yes
am_cv_CC_dependencies_compiler_type=gcc3
am_cv_make_support_nested_variables=yes
am_cv_prog_cc_c_o=yes

## ----------------- ##
## Output variables. ##
## ----------------- ##

ACLOCAL='${SHELL} /home/www/Github/unp/unp/missing aclocal-1.15'
AMDEPBACKSLASH='\'
AMDEP_FALSE='#'
AMDEP_TRUE=''
AMTAR='$${TAR-tar}'
AM_BACKSLASH='\'
AM_DEFAULT_V='$(AM_DEFAULT_VERBOSITY)'
AM_DEFAULT_VERBOSITY='1'
AM_V='$(V)'
AUTOCONF='${SHELL} /home/www/Github/unp/unp/missing autoconf'
AUTOHEADER='${SHELL} /home/www/Github/unp/unp/missing autoheader'
AUTOMAKE='${SHELL} /home/www/Github/unp/unp/missing automake-1.15'
AWK='mawk'
CC='gcc'
CCDEPMODE='depmode=gcc3'
CFLAGS='-g -O2'
CPP='gcc -E'
CPPFLAGS=''
CYGPATH_W='echo'
DEFS='-DPACKAGE_NAME=\"\" -DPACKAGE_TARNAME=\"\" -DPACKAGE_VERSION=\"\" -DPACKAGE_STRING=\"\" -DPACKAGE_BUGREPORT=\"\" -DPACKAGE_URL=\"\" -DSTDC_HEADERS=1 -DHAVE_SYS_TYPES_H=1 -DHAVE_SYS_STAT_H=1 -DHAVE_STDLIB_H=1 -DHAVE_STRING_H=1 -DHAVE_MEMORY_H=1 -DHAVE_STRINGS_H=1 -DHAVE_INTTYPES_H=1 -DHAVE_STDINT_H=1 -DHAVE_UNISTD_H=1 -DHAVE_ARPA_INET_H=1 -DHAVE_FCNTL_H=1 -DHAVE_NETDB_H=1 -DHAVE_NETINET_IN_H=1 -DHAVE_STDLIB_H=1 -DHAVE_STRING_H=1 -DHAVE_STRINGS_H=1 -DHAVE_SYS_IOCTL_H=1 -DHAVE_SYS_SOCKET_H=1 -DHAVE_SYS_TIME_H=1 -DHAVE_UNISTD_H=1 -DPACKAGE=\"hello\" -DVERSION=\"1.0\"'
DEPDIR='.deps'
ECHO_C=''
ECHO_N='-n'
ECHO_T=''
EGREP='/bin/grep -E'
EXEEXT=''
GREP='/bin/grep'
INSTALL_DATA='${INSTALL} -m 644'
INSTALL_PROGRAM='${INSTALL}'
INSTALL_SCRIPT='${INSTALL}'
INSTALL_STRIP_PROGRAM='$(install_sh) -c -s'
LDFLAGS=''
LIBOBJS=''
LIBS=''
LTLIBOBJS=''
MAKEINFO='${SHELL} /home/www/Github/unp/unp/missing makeinfo'
MKDIR_P='/bin/mkdir -p'
OBJEXT='o'
PACKAGE='hello'
PACKAGE_BUGREPORT=''
PACKAGE_NAME=''
PACKAGE_STRING=''
PACKAGE_TARNAME=''
PACKAGE_URL=''
PACKAGE_VERSION=''
PATH_SEPARATOR=':'
SET_MAKE=''
SHELL='/bin/bash'
STRIP=''
VERSION='1.0'
ac_ct_CC='gcc'
am__EXEEXT_FALSE=''
am__EXEEXT_TRUE='#'
am__fastdepCC_FALSE='#'
am__fastdepCC_TRUE=''
am__include='include'
am__isrc=''
am__leading_dot='.'
am__nodep='_no'
am__quote=''
am__tar='$${TAR-tar} chof - "$$tardir"'
am__untar='$${TAR-tar} xf -'
bindir='${exec_prefix}/bin'
build_alias=''
datadir='${datarootdir}'
datarootdir='${prefix}/share'
docdir='${datarootdir}/doc/${PACKAGE}'
dvidir='${docdir}'
exec_prefix='${prefix}'
host_alias=''
htmldir='${docdir}'
includedir='${prefix}/include'
infodir='${datarootdir}/info'
install_sh='${SHELL} /home/www/Github/unp/unp/install-sh'
libdir='${exec_prefix}/lib'
libexecdir='${exec_prefix}/libexec'
localedir='${datarootdir}/locale'
localstatedir='${prefix}/var'
mandir='${datarootdir}/man'
mkdir_p='$(MKDIR_P)'
oldincludedir='/usr/include'
pdfdir='${docdir}'
prefix='/usr/local'
program_transform_name='s,x,x,'
psdir='${docdir}'
runstatedir='${localstatedir}/run'
sbindir='${exec_prefix}/sbin'
sharedstatedir='${prefix}/com'
sysconfdir='${prefix}/etc'
target_alias=''

## ----------- ##
## confdefs.h. ##
## ----------- ##

/* confdefs.h */
#define PACKAGE_NAME ""
#define PACKAGE_TARNAME ""
#define PACKAGE_VERSION ""
#define PACKAGE_STRING ""
#define PACKAGE_BUGREPORT ""
#define PACKAGE_URL ""
#define STDC_HEADERS 1
#define HAVE_SYS_TYPES_H 1
#define HAVE_SYS_STAT_H 1
#define HAVE_STDLIB_H 1
#define HAVE_STRING_H 1
#define HAVE_MEMORY_H 1
#define HAVE_STRINGS_H 1
#define HAVE_INTTYPES_H 1
#define HAVE_STDINT_H 1
#define HAVE_UNISTD_H 1
#define HAVE_ARPA_INET_H 1
#define HAVE_FCNTL_H 1
#define HAVE_NETDB_H 1
#define HAVE_NETINET_IN_H 1
#define HAVE_STDLIB_H 1
#define HAVE_STRING_H 1
#define HAVE_STRINGS_H 1
#define HAVE_SYS_IOCTL_H 1
#define HAVE_SYS_SOCKET_H 1
#define HAVE_SYS_TIME_H 1
#define HAVE_UNISTD_H 1
#define PACKAGE "hello"
#define VERSION "1.0"

configure: exit 0
