This file contains any messages produced by compilers while
running configure, to aid debugging if configure makes a mistake.

It was created by unp configure 1.0, which was
generated by GNU Autoconf 2.69.  Invocation command line was

  $ ../configure 

## --------- ##
## Platform. ##
## --------- ##

hostname = www
uname -m = i686
uname -r = 4.4.0-63-generic
uname -s = Linux
uname -v = #84~14.04.2-Ubuntu SMP Mon Feb 13 11:07:00 UTC 2017

/usr/bin/uname -p = unknown
/bin/uname -X     = unknown

/bin/arch              = unknown
/usr/bin/arch -k       = unknown
/usr/convex/getsysinfo = unknown
/usr/bin/hostinfo      = unknown
/bin/machine           = unknown
/usr/bin/oslevel       = unknown
/bin/universe          = unknown

PATH: /usr/local/sbin
PATH: /usr/local/bin
PATH: /usr/sbin
PATH: /usr/bin
PATH: /sbin
PATH: /bin
PATH: /usr/games
PATH: /usr/local/games


## ----------- ##
## Core tests. ##
## ----------- ##

configure:2155: checking for a BSD-compatible install
configure:2223: result: /usr/bin/install -c
configure:2234: checking whether build environment is sane
configure:2289: result: yes
configure:2440: checking for a thread-safe mkdir -p
configure:2479: result: /bin/mkdir -p
configure:2486: checking for gawk
configure:2516: result: no
configure:2486: checking for mawk
configure:2502: found /usr/bin/mawk
configure:2513: result: mawk
configure:2524: checking whether make sets $(MAKE)
configure:2546: result: yes
configure:2575: checking whether make supports nested variables
configure:2592: result: yes
configure:2766: checking for gcc
configure:2782: found /usr/bin/gcc
configure:2793: result: gcc
configure:3022: checking for C compiler version
configure:3031: gcc --version >&5
gcc (Ubuntu 4.8.4-2ubuntu1~14.04.3) 4.8.4
Copyright (C) 2013 Free Software Foundation, Inc.
This is free software; see the source for copying conditions.  There is NO
warranty; not even for MERCHANTABILITY or FITNESS FOR A PARTICULAR PURPOSE.

configure:3042: $? = 0
configure:3031: gcc -v >&5
Using built-in specs.
COLLECT_GCC=gcc
COLLECT_LTO_WRAPPER=/usr/lib/gcc/i686-linux-gnu/4.8/lto-wrapper
Target: i686-linux-gnu
Configured with: ../src/configure -v --with-pkgversion='Ubuntu 4.8.4-2ubuntu1~14.04.3' --with-bugurl=file:///usr/share/doc/gcc-4.8/README.Bugs --enable-languages=c,c++,java,go,d,fortran,objc,obj-c++ --prefix=/usr --program-suffix=-4.8 --enable-shared --enable-linker-build-id --libexecdir=/usr/lib --without-included-gettext --enable-threads=posix --with-gxx-include-dir=/usr/include/c++/4.8 --libdir=/usr/lib --enable-nls --with-sysroot=/ --enable-clocale=gnu --enable-libstdcxx-debug --enable-libstdcxx-time=yes --enable-gnu-unique-object --disable-libmudflap --enable-plugin --with-system-zlib --disable-browser-plugin --enable-java-awt=gtk --enable-gtk-cairo --with-java-home=/usr/lib/jvm/java-1.5.0-gcj-4.8-i386/jre --enable-java-home --with-jvm-root-dir=/usr/lib/jvm/java-1.5.0-gcj-4.8-i386 --with-jvm-jar-dir=/usr/lib/jvm-exports/java-1.5.0-gcj-4.8-i386 --with-arch-directory=i386 --with-ecj-jar=/usr/share/java/eclipse-ecj.jar --enable-objc-gc --enable-targets=all --enable-multiarch --disable-werror --with-arch-32=i686 --with-multilib-list=m32,m64,mx32 --with-tune=generic --enable-checking=release --build=i686-linux-gnu --host=i686-linux-gnu --target=i686-linux-gnu
Thread model: posix
gcc version 4.8.4 (Ubuntu 4.8.4-2ubuntu1~14.04.3) 
configure:3042: $? = 0
configure:3031: gcc -V >&5
gcc: error: unrecognized command line option '-V'
gcc: fatal error: no input files
compilation terminated.
configure:3042: $? = 4
configure:3031: gcc -qversion >&5
gcc: error: unrecognized command line option '-qversion'
gcc: fatal error: no input files
compilation terminated.
configure:3042: $? = 4
configure:3062: checking whether the C compiler works
configure:3084: gcc    conftest.c  >&5
configure:3088: $? = 0
configure:3136: result: yes
configure:3139: checking for C compiler default output file name
configure:3141: result: a.out
configure:3147: checking for suffix of executables
configure:3154: gcc -o conftest    conftest.c  >&5
configure:3158: $? = 0
configure:3180: result: 
configure:3202: checking whether we are cross compiling
configure:3210: gcc -o conftest    conftest.c  >&5
configure:3214: $? = 0
configure:3221: ./conftest
configure:3225: $? = 0
configure:3240: result: no
configure:3245: checking for suffix of object files
configure:3267: gcc -c   conftest.c >&5
configure:3271: $? = 0
configure:3292: result: o
configure:3296: checking whether we are using the GNU C compiler
configure:3315: gcc -c   conftest.c >&5
configure:3315: $? = 0
configure:3324: result: yes
configure:3333: checking whether gcc accepts -g
configure:3353: gcc -c -g  conftest.c >&5
configure:3353: $? = 0
configure:3394: result: yes
configure:3411: checking for gcc option to accept ISO C89
configure:3474: gcc  -c -g -O2  conftest.c >&5
configure:3474: $? = 0
configure:3487: result: none needed
configure:3512: checking whether gcc understands -c and -o together
configure:3534: gcc -c conftest.c -o conftest2.o
configure:3537: $? = 0
configure:3534: gcc -c conftest.c -o conftest2.o
configure:3537: $? = 0
configure:3549: result: yes
configure:3577: checking for style of include used by make
configure:3605: result: GNU
configure:3631: checking dependency style of gcc
configure:3742: result: gcc3
configure:3767: checking how to run the C preprocessor
configure:3798: gcc -E  conftest.c
configure:3798: $? = 0
configure:3812: gcc -E  conftest.c
conftest.c:11:28: fatal error: ac_nonexistent.h: No such file or directory
 #include <ac_nonexistent.h>
                            ^
compilation terminated.
configure:3812: $? = 1
configure: failed program was:
| /* confdefs.h */
| #define PACKAGE_NAME "unp"
| #define PACKAGE_TARNAME "unp"
| #define PACKAGE_VERSION "1.0"
| #define PACKAGE_STRING "unp 1.0"
| #define PACKAGE_BUGREPORT "BUG-REPORT-ADDRESS"
| #define PACKAGE_URL ""
| #define PACKAGE "unp"
| #define VERSION "1.0"
| /* end confdefs.h.  */
| #include <ac_nonexistent.h>
configure:3837: result: gcc -E
configure:3857: gcc -E  conftest.c
configure:3857: $? = 0
configure:3871: gcc -E  conftest.c
conftest.c:11:28: fatal error: ac_nonexistent.h: No such file or directory
 #include <ac_nonexistent.h>
                            ^
compilation terminated.
configure:3871: $? = 1
configure: failed program was:
| /* confdefs.h */
| #define PACKAGE_NAME "unp"
| #define PACKAGE_TARNAME "unp"
| #define PACKAGE_VERSION "1.0"
| #define PACKAGE_STRING "unp 1.0"
| #define PACKAGE_BUGREPORT "BUG-REPORT-ADDRESS"
| #define PACKAGE_URL ""
| #define PACKAGE "unp"
| #define VERSION "1.0"
| /* end confdefs.h.  */
| #include <ac_nonexistent.h>
configure:3900: checking for grep that handles long lines and -e
configure:3958: result: /bin/grep
configure:3963: checking for egrep
configure:4025: result: /bin/grep -E
configure:4030: checking for ANSI C header files
configure:4050: gcc -c -g -O2  conftest.c >&5
configure:4050: $? = 0
configure:4123: gcc -o conftest -g -O2   conftest.c  >&5
configure:4123: $? = 0
configure:4123: ./conftest
configure:4123: $? = 0
configure:4134: result: yes
configure:4147: checking for sys/types.h
configure:4147: gcc -c -g -O2  conftest.c >&5
configure:4147: $? = 0
configure:4147: result: yes
configure:4147: checking for sys/stat.h
configure:4147: gcc -c -g -O2  conftest.c >&5
configure:4147: $? = 0
configure:4147: result: yes
configure:4147: checking for stdlib.h
configure:4147: gcc -c -g -O2  conftest.c >&5
configure:4147: $? = 0
configure:4147: result: yes
configure:4147: checking for string.h
configure:4147: gcc -c -g -O2  conftest.c >&5
configure:4147: $? = 0
configure:4147: result: yes
configure:4147: checking for memory.h
configure:4147: gcc -c -g -O2  conftest.c >&5
configure:4147: $? = 0
configure:4147: result: yes
configure:4147: checking for strings.h
configure:4147: gcc -c -g -O2  conftest.c >&5
configure:4147: $? = 0
configure:4147: result: yes
configure:4147: checking for inttypes.h
configure:4147: gcc -c -g -O2  conftest.c >&5
configure:4147: $? = 0
configure:4147: result: yes
configure:4147: checking for stdint.h
configure:4147: gcc -c -g -O2  conftest.c >&5
configure:4147: $? = 0
configure:4147: result: yes
configure:4147: checking for unistd.h
configure:4147: gcc -c -g -O2  conftest.c >&5
configure:4147: $? = 0
configure:4147: result: yes
configure:4162: checking arpa/inet.h usability
configure:4162: gcc -c -g -O2  conftest.c >&5
configure:4162: $? = 0
configure:4162: result: yes
configure:4162: checking arpa/inet.h presence
configure:4162: gcc -E  conftest.c
configure:4162: $? = 0
configure:4162: result: yes
configure:4162: checking for arpa/inet.h
configure:4162: result: yes
configure:4162: checking fcntl.h usability
configure:4162: gcc -c -g -O2  conftest.c >&5
configure:4162: $? = 0
configure:4162: result: yes
configure:4162: checking fcntl.h presence
configure:4162: gcc -E  conftest.c
configure:4162: $? = 0
configure:4162: result: yes
configure:4162: checking for fcntl.h
configure:4162: result: yes
configure:4162: checking netdb.h usability
configure:4162: gcc -c -g -O2  conftest.c >&5
configure:4162: $? = 0
configure:4162: result: yes
configure:4162: checking netdb.h presence
configure:4162: gcc -E  conftest.c
configure:4162: $? = 0
configure:4162: result: yes
configure:4162: checking for netdb.h
configure:4162: result: yes
configure:4162: checking netinet/in.h usability
configure:4162: gcc -c -g -O2  conftest.c >&5
configure:4162: $? = 0
configure:4162: result: yes
configure:4162: checking netinet/in.h presence
configure:4162: gcc -E  conftest.c
configure:4162: $? = 0
configure:4162: result: yes
configure:4162: checking for netinet/in.h
configure:4162: result: yes
configure:4162: checking for stdlib.h
configure:4162: result: yes
configure:4162: checking for string.h
configure:4162: result: yes
configure:4162: checking for strings.h
configure:4162: result: yes
configure:4162: checking sys/ioctl.h usability
configure:4162: gcc -c -g -O2  conftest.c >&5
configure:4162: $? = 0
configure:4162: result: yes
configure:4162: checking sys/ioctl.h presence
configure:4162: gcc -E  conftest.c
configure:4162: $? = 0
configure:4162: result: yes
configure:4162: checking for sys/ioctl.h
configure:4162: result: yes
configure:4162: checking sys/socket.h usability
configure:4162: gcc -c -g -O2  conftest.c >&5
configure:4162: $? = 0
configure:4162: result: yes
configure:4162: checking sys/socket.h presence
configure:4162: gcc -E  conftest.c
configure:4162: $? = 0
configure:4162: result: yes
configure:4162: checking for sys/socket.h
configure:4162: result: yes
configure:4162: checking sys/time.h usability
configure:4162: gcc -c -g -O2  conftest.c >&5
configure:4162: $? = 0
configure:4162: result: yes
configure:4162: checking sys/time.h presence
configure:4162: gcc -E  conftest.c
configure:4162: $? = 0
configure:4162: result: yes
configure:4162: checking for sys/time.h
configure:4162: result: yes
configure:4162: checking for unistd.h
configure:4162: result: yes
configure:4174: checking for int64_t
configure:4174: gcc -c -g -O2  conftest.c >&5
configure:4174: $? = 0
configure:4174: gcc -c -g -O2  conftest.c >&5
conftest.c: In function 'main':
conftest.c:70:53: warning: integer overflow in expression [-Woverflow]
    < (int64_t) (((((int64_t) 1 << N) << N) - 1) * 2 + 2))];
                                                     ^
conftest.c:69:12: error: storage size of 'test_array' isn't constant
 static int test_array [1 - 2 * !((int64_t) (((((int64_t) 1 << N) << N) - 1) * 2 + 1)
            ^
configure:4174: $? = 1
configure: failed program was:
| /* confdefs.h */
| #define PACKAGE_NAME "unp"
| #define PACKAGE_TARNAME "unp"
| #define PACKAGE_VERSION "1.0"
| #define PACKAGE_STRING "unp 1.0"
| #define PACKAGE_BUGREPORT "BUG-REPORT-ADDRESS"
| #define PACKAGE_URL ""
| #define PACKAGE "unp"
| #define VERSION "1.0"
| #define STDC_HEADERS 1
| #define HAVE_SYS_TYPES_H 1
| #define HAVE_SYS_STAT_H 1
| #define HAVE_STDLIB_H 1
| #define HAVE_STRING_H 1
| #define HAVE_MEMORY_H 1
| #define HAVE_STRINGS_H 1
| #define HAVE_INTTYPES_H 1
| #define HAVE_STDINT_H 1
| #define HAVE_UNISTD_H 1
| #define HAVE_ARPA_INET_H 1
| #define HAVE_FCNTL_H 1
| #define HAVE_NETDB_H 1
| #define HAVE_NETINET_IN_H 1
| #define HAVE_STDLIB_H 1
| #define HAVE_STRING_H 1
| #define HAVE_STRINGS_H 1
| #define HAVE_SYS_IOCTL_H 1
| #define HAVE_SYS_SOCKET_H 1
| #define HAVE_SYS_TIME_H 1
| #define HAVE_UNISTD_H 1
| /* end confdefs.h.  */
| #include <stdio.h>
| #ifdef HAVE_SYS_TYPES_H
| # include <sys/types.h>
| #endif
| #ifdef HAVE_SYS_STAT_H
| # include <sys/stat.h>
| #endif
| #ifdef STDC_HEADERS
| # include <stdlib.h>
| # include <stddef.h>
| #else
| # ifdef HAVE_STDLIB_H
| #  include <stdlib.h>
| # endif
| #endif
| #ifdef HAVE_STRING_H
| # if !defined STDC_HEADERS && defined HAVE_MEMORY_H
| #  include <memory.h>
| # endif
| # include <string.h>
| #endif
| #ifdef HAVE_STRINGS_H
| # include <strings.h>
| #endif
| #ifdef HAVE_INTTYPES_H
| # include <inttypes.h>
| #endif
| #ifdef HAVE_STDINT_H
| # include <stdint.h>
| #endif
| #ifdef HAVE_UNISTD_H
| # include <unistd.h>
| #endif
| 	        enum { N = 64 / 2 - 1 };
| int
| main ()
| {
| static int test_array [1 - 2 * !((int64_t) (((((int64_t) 1 << N) << N) - 1) * 2 + 1)
| 		 < (int64_t) (((((int64_t) 1 << N) << N) - 1) * 2 + 2))];
| test_array [0] = 0;
| return test_array [0];
| 
|   ;
|   return 0;
| }
configure:4174: result: yes
configure:4299: checking that generated files are newer than configure
configure:4305: result: done
configure:4328: creating ./config.status

## ---------------------- ##
## Running config.status. ##
## ---------------------- ##

This file was extended by unp config.status 1.0, which was
generated by GNU Autoconf 2.69.  Invocation command line was

  CONFIG_FILES    = 
  CONFIG_HEADERS  = 
  CONFIG_LINKS    = 
  CONFIG_COMMANDS = 
  $ ./config.status 

on www

config.status:863: creating Makefile
config.status:863: creating config.h
config.status:1077: executing depfiles commands

## ---------------- ##
## Cache variables. ##
## ---------------- ##

ac_cv_c_compiler_gnu=yes
ac_cv_c_int64_t=yes
ac_cv_env_CC_set=
ac_cv_env_CC_value=
ac_cv_env_CFLAGS_set=
ac_cv_env_CFLAGS_value=
ac_cv_env_CPPFLAGS_set=
ac_cv_env_CPPFLAGS_value=
ac_cv_env_CPP_set=
ac_cv_env_CPP_value=
ac_cv_env_LDFLAGS_set=
ac_cv_env_LDFLAGS_value=
ac_cv_env_LIBS_set=
ac_cv_env_LIBS_value=
ac_cv_env_build_alias_set=
ac_cv_env_build_alias_value=
ac_cv_env_host_alias_set=
ac_cv_env_host_alias_value=
ac_cv_env_target_alias_set=
ac_cv_env_target_alias_value=
ac_cv_header_arpa_inet_h=yes
ac_cv_header_fcntl_h=yes
ac_cv_header_inttypes_h=yes
ac_cv_header_memory_h=yes
ac_cv_header_netdb_h=yes
ac_cv_header_netinet_in_h=yes
ac_cv_header_stdc=yes
ac_cv_header_stdint_h=yes
ac_cv_header_stdlib_h=yes
ac_cv_header_string_h=yes
ac_cv_header_strings_h=yes
ac_cv_header_sys_ioctl_h=yes
ac_cv_header_sys_socket_h=yes
ac_cv_header_sys_stat_h=yes
ac_cv_header_sys_time_h=yes
ac_cv_header_sys_types_h=yes
ac_cv_header_unistd_h=yes
ac_cv_objext=o
ac_cv_path_EGREP='/bin/grep -E'
ac_cv_path_GREP=/bin/grep
ac_cv_path_install='/usr/bin/install -c'
ac_cv_path_mkdir=/bin/mkdir
ac_cv_prog_AWK=mawk
ac_cv_prog_CPP='gcc -E'
ac_cv_prog_ac_ct_CC=gcc
ac_cv_prog_cc_c89=
ac_cv_prog_cc_g=yes
ac_cv_prog_make_make_set=yes
am_cv_CC_dependencies_compiler_type=gcc3
am_cv_make_support_nested_variables=yes
am_cv_prog_cc_c_o=yes

## ----------------- ##
## Output variables. ##
## ----------------- ##

ACLOCAL='${SHELL} /root/unp/unp/missing aclocal-1.14'
AMDEPBACKSLASH='\'
AMDEP_FALSE='#'
AMDEP_TRUE=''
AMTAR='$${TAR-tar}'
AM_BACKSLASH='\'
AM_DEFAULT_V='$(AM_DEFAULT_VERBOSITY)'
AM_DEFAULT_VERBOSITY='1'
AM_V='$(V)'
AUTOCONF='${SHELL} /root/unp/unp/missing autoconf'
AUTOHEADER='${SHELL} /root/unp/unp/missing autoheader'
AUTOMAKE='${SHELL} /root/unp/unp/missing automake-1.14'
AWK='mawk'
CC='gcc'
CCDEPMODE='depmode=gcc3'
CFLAGS='-g -O2'
CPP='gcc -E'
CPPFLAGS=''
CYGPATH_W='echo'
DEFS='-DHAVE_CONFIG_H'
DEPDIR='.deps'
ECHO_C=''
ECHO_N='-n'
ECHO_T=''
EGREP='/bin/grep -E'
EXEEXT=''
GREP='/bin/grep'
INSTALL_DATA='${INSTALL} -m 644'
INSTALL_PROGRAM='${INSTALL}'
INSTALL_SCRIPT='${INSTALL}'
INSTALL_STRIP_PROGRAM='$(install_sh) -c -s'
LDFLAGS=''
LIBOBJS=''
LIBS=''
LTLIBOBJS=''
MAKEINFO='${SHELL} /root/unp/unp/missing makeinfo'
MKDIR_P='/bin/mkdir -p'
OBJEXT='o'
PACKAGE='unp'
PACKAGE_BUGREPORT='BUG-REPORT-ADDRESS'
PACKAGE_NAME='unp'
PACKAGE_STRING='unp 1.0'
PACKAGE_TARNAME='unp'
PACKAGE_URL=''
PACKAGE_VERSION='1.0'
PATH_SEPARATOR=':'
SET_MAKE=''
SHELL='/bin/bash'
STRIP=''
VERSION='1.0'
ac_ct_CC='gcc'
am__EXEEXT_FALSE=''
am__EXEEXT_TRUE='#'
am__fastdepCC_FALSE='#'
am__fastdepCC_TRUE=''
am__include='include'
am__isrc=' -I$(srcdir)'
am__leading_dot='.'
am__nodep='_no'
am__quote=''
am__tar='$${TAR-tar} chof - "$$tardir"'
am__untar='$${TAR-tar} xf -'
bindir='${exec_prefix}/bin'
build_alias=''
datadir='${datarootdir}'
datarootdir='${prefix}/share'
docdir='${datarootdir}/doc/${PACKAGE_TARNAME}'
dvidir='${docdir}'
exec_prefix='${prefix}'
host_alias=''
htmldir='${docdir}'
includedir='${prefix}/include'
infodir='${datarootdir}/info'
install_sh='${SHELL} /root/unp/unp/install-sh'
libdir='${exec_prefix}/lib'
libexecdir='${exec_prefix}/libexec'
localedir='${datarootdir}/locale'
localstatedir='${prefix}/var'
mandir='${datarootdir}/man'
mkdir_p='$(MKDIR_P)'
oldincludedir='/usr/include'
pdfdir='${docdir}'
prefix='/usr/local'
program_transform_name='s,x,x,'
psdir='${docdir}'
sbindir='${exec_prefix}/sbin'
sharedstatedir='${prefix}/com'
sysconfdir='${prefix}/etc'
target_alias=''

## ----------- ##
## confdefs.h. ##
## ----------- ##

/* confdefs.h */
#define PACKAGE_NAME "unp"
#define PACKAGE_TARNAME "unp"
#define PACKAGE_VERSION "1.0"
#define PACKAGE_STRING "unp 1.0"
#define PACKAGE_BUGREPORT "BUG-REPORT-ADDRESS"
#define PACKAGE_URL ""
#define PACKAGE "unp"
#define VERSION "1.0"
#define STDC_HEADERS 1
#define HAVE_SYS_TYPES_H 1
#define HAVE_SYS_STAT_H 1
#define HAVE_STDLIB_H 1
#define HAVE_STRING_H 1
#define HAVE_MEMORY_H 1
#define HAVE_STRINGS_H 1
#define HAVE_INTTYPES_H 1
#define HAVE_STDINT_H 1
#define HAVE_UNISTD_H 1
#define HAVE_ARPA_INET_H 1
#define HAVE_FCNTL_H 1
#define HAVE_NETDB_H 1
#define HAVE_NETINET_IN_H 1
#define HAVE_STDLIB_H 1
#define HAVE_STRING_H 1
#define HAVE_STRINGS_H 1
#define HAVE_SYS_IOCTL_H 1
#define HAVE_SYS_SOCKET_H 1
#define HAVE_SYS_TIME_H 1
#define HAVE_UNISTD_H 1

configure: exit 0

## ---------------------- ##
## Running config.status. ##
## ---------------------- ##

This file was extended by unp config.status 1.0, which was
generated by GNU Autoconf 2.69.  Invocation command line was

  CONFIG_FILES    = 
  CONFIG_HEADERS  = 
  CONFIG_LINKS    = 
  CONFIG_COMMANDS = 
  $ ./config.status config.h

on www

config.status:863: creating config.h
config.status:1029: config.h is unchanged
